[2015-01-08 11:43:26.360] [ERROR] 查询错误 [Table 'bypass.cfg_sender' doesn't exist] SQL [select count(*) from`cfg_sender` where 1=1]
[2015-01-08 11:44:57.215] [ERROR] 查询错误 [Table 'bypass.cfg_sender' doesn't exist] SQL [select count(*) from`cfg_sender` where 1=1]
[2015-01-08 11:46:31.134] [ERROR] 查询错误 [Table 'bypass.cfg_sender' doesn't exist] SQL [select count(*) from`cfg_sender` where 1=1]
[2015-01-08 11:46:40.067] [ERROR] 查询错误 [Table 'bypass.cfg_sender' doesn't exist] SQL [select count(*) from`cfg_sender` where 1=1]
[2015-01-08 11:48:23.369] [ERROR] 查询错误 [Table 'bypass.cfg_sender' doesn't exist] SQL [select count(*) from`cfg_sender` where 1=1]
[2015-01-08 11:48:31.731] [ERROR] 查询错误 [Table 'bypass.cfg_sender' doesn't exist] SQL [select count(*) from`cfg_sender` where 1=1]
[2015-01-08 11:49:17.406] [ERROR] 查询错误 [Table 'bypass.cfg_sender' doesn't exist] SQL [select count(*) from`cfg_sender` where 1=1]
[2015-01-08 11:49:53.370] [ERROR] 查询错误 [Table 'bypass.cfg_sender' doesn't exist] SQL [select count(*) from`cfg_sender` where 1=1]
[2015-01-08 11:50:18.233] [ERROR] 查询错误 [Table 'bypass.cfg_sender' doesn't exist] SQL [select count(*) from`cfg_sender` where 1=1]
[2015-01-08 11:51:21.353] [ERROR] 查询错误 [Table 'bypass.cfg_sender' doesn't exist] SQL [select count(*) from`cfg_sender` where 1=1]
[2015-01-08 11:51:27.372] [ERROR] 查询错误 [Table 'bypass.cfg_sender' doesn't exist] SQL [select count(*) from`cfg_sender` where 1=1]
[2015-01-08 11:53:01.706] [ERROR] 查询错误 [Table 'bypass.cfg_sender' doesn't exist] SQL [select count(*) from`cfg_sender` where 1=1]
[2015-01-08 11:53:05.173] [ERROR] 查询错误 [Table 'bypass.cfg_sender' doesn't exist] SQL [select count(*) from`cfg_sender` where 1=1]
[2015-01-08 11:53:51.508] [ERROR] 查询错误 [Table 'bypass.cfg_sender' doesn't exist] SQL [select count(*) from`cfg_sender` where 1=1]
[2015-01-08 11:54:26.224] [ERROR] 查询错误 [Table 'bypass.cfg_sender' doesn't exist] SQL [select count(*) from`cfg_sender` where 1=1]
[2015-01-08 11:58:03.485] [ERROR] 查询错误 [Table 'bypass.cfg_sender' doesn't exist] SQL [select count(*) from`cfg_sender` where 1=1]
[2015-01-08 11:58:24.761] [ERROR] 查询错误 [Table 'bypass.cfg_sender' doesn't exist] SQL [select count(*) from`cfg_sender` where 1=1]
[2015-01-08 11:58:44.346] [ERROR] 查询错误 [Table 'bypass.cfg_sender' doesn't exist] SQL [select count(*) from`cfg_sender` where 1=1]
[2015-01-08 11:58:47.774] [ERROR] 查询错误 [Table 'bypass.cfg_sender' doesn't exist] SQL [select count(*) from`cfg_sender` where 1=1]
[2015-01-08 12:05:35.670] [ERROR] 查询错误 [Table 'bypass.cfg_sender' doesn't exist] SQL [select count(*) from`cfg_sender` where 1=1]
[2015-01-08 12:05:36.472] [ERROR] 查询错误 [Table 'bypass.cfg_sender' doesn't exist] SQL [select count(*) from`cfg_sender` where 1=1]
[2015-01-08 12:05:36.965] [ERROR] 查询错误 [Table 'bypass.cfg_sender' doesn't exist] SQL [select count(*) from`cfg_sender` where 1=1]
[2015-01-08 12:05:37.204] [ERROR] 查询错误 [Table 'bypass.cfg_sender' doesn't exist] SQL [select count(*) from`cfg_sender` where 1=1]
[2015-01-08 12:05:37.419] [ERROR] 查询错误 [Table 'bypass.cfg_sender' doesn't exist] SQL [select count(*) from`cfg_sender` where 1=1]
[2015-01-08 12:09:09.326] [ERROR] 查询错误 [Table 'bypass.cfg_sender' doesn't exist] SQL [select * from `cfg_sender` ]
[2015-01-08 12:09:17.799] [ERROR] 查询错误 [Table 'bypass.cfg_sender' doesn't exist] SQL [select * from `cfg_sender` ]
[2015-01-08 12:09:18.240] [ERROR] 查询错误 [Table 'bypass.cfg_sender' doesn't exist] SQL [select * from `cfg_sender` ]
[2015-01-08 12:09:18.483] [ERROR] 查询错误 [Table 'bypass.cfg_sender' doesn't exist] SQL [select * from `cfg_sender` ]
[2015-01-08 12:09:18.658] [ERROR] 查询错误 [Table 'bypass.cfg_sender' doesn't exist] SQL [select * from `cfg_sender` ]
[2015-01-08 12:10:31.440] [ERROR] 查询错误 [Table 'bypass.cfg_sender' doesn't exist] SQL [select count(*) from`cfg_sender` where 1=1]
[2015-01-08 12:10:33.158] [ERROR] 查询错误 [Table 'bypass.cfg_sender' doesn't exist] SQL [select count(*) from`cfg_sender` where 1=1]
[2015-01-08 12:10:46.656] [ERROR] 查询错误 [Table 'bypass.cfg_sender' doesn't exist] SQL [select count(*) from`cfg_sender` where 1=1]
[2015-01-08 12:10:47.485] [ERROR] 查询错误 [Table 'bypass.cfg_sender' doesn't exist] SQL [select count(*) from`cfg_sender` where 1=1]
[2015-01-08 12:10:47.745] [ERROR] 查询错误 [Table 'bypass.cfg_sender' doesn't exist] SQL [select count(*) from`cfg_sender` where 1=1]
[2015-01-08 12:10:47.960] [ERROR] 查询错误 [Table 'bypass.cfg_sender' doesn't exist] SQL [select count(*) from`cfg_sender` where 1=1]
[2015-01-08 12:10:48.166] [ERROR] 查询错误 [Table 'bypass.cfg_sender' doesn't exist] SQL [select count(*) from`cfg_sender` where 1=1]
[2015-01-08 12:10:48.349] [ERROR] 查询错误 [Table 'bypass.cfg_sender' doesn't exist] SQL [select count(*) from`cfg_sender` where 1=1]
[2015-01-08 13:41:11.178] [ERROR] 执行错误 [You have an error in your SQL syntax; check the manual that corresponds to your MySQL server version for the right syntax to use near '10' at line 1] SQL [10]
[2015-01-08 13:43:09.151] [ERROR] 执行错误 [You have an error in your SQL syntax; check the manual that corresponds to your MySQL server version for the right syntax to use near '0' at line 1] SQL [0]
[2015-01-08 13:43:42.859] [ERROR] 执行错误 [You have an error in your SQL syntax; check the manual that corresponds to your MySQL server version for the right syntax to use near '10' at line 1] SQL [10]
[2015-01-08 13:44:23.057] [ERROR] 执行错误 [You have an error in your SQL syntax; check the manual that corresponds to your MySQL server version for the right syntax to use near '10' at line 1] SQL [10]
[2015-01-08 13:44:24.641] [ERROR] 执行错误 [You have an error in your SQL syntax; check the manual that corresponds to your MySQL server version for the right syntax to use near '10' at line 1] SQL [10]
[2015-01-08 13:44:25.458] [ERROR] 执行错误 [You have an error in your SQL syntax; check the manual that corresponds to your MySQL server version for the right syntax to use near '10' at line 1] SQL [10]
[2015-01-08 17:37:13.287] [ERROR] 执行错误 [Unknown column 'proc_type' in 'field list'] SQL [INSERT INTO `cfg_sniffers` (`state`, `created`, `dev_r`, `filter`, `useing_lib`, `data_direc`, `proc_type`) VALUES ("1", "1420709833", "", "2", "3", "4", "5")]
[2015-01-08 17:38:16.543] [ERROR] 执行错误 [Unknown column 'proc_type' in 'field list'] SQL [INSERT INTO `cfg_sniffers` (`state`, `created`, `dev_r`, `filter`, `useing_lib`, `data_direc`, `proc_type`) VALUES ("1", "1420709896", "", "2", "3", "4", "5")]
[2015-01-08 17:38:30.559] [ERROR] 执行错误 [Unknown column 'proc_type' in 'field list'] SQL [INSERT INTO `cfg_sniffers` (`state`, `created`, `dev_r`, `filter`, `useing_lib`, `data_direc`, `proc_type`) VALUES ("1", "1420709910", "1", "1", "1", "1", "1")]
[2015-01-08 17:42:41.183] [ERROR] 执行错误 [Unknown column 'proc_type' in 'field list'] SQL [INSERT INTO `cfg_sniffers` (`state`, `created`, `dev_r`, `filter`, `useing_lib`, `data_direc`, `proc_type`) VALUES ("1", "1420710161", "1", "1", "1", "1", "1")]
[2015-01-08 18:04:03.218] [ERROR] 查询错误 [Unknown column 'state' in 'order clause'] SQL [SELECT * FROM cfg_bypass ORDER BY state LIMIT 10]
[2015-01-09 10:34:25.630] [ERROR] 执行错误 [Unknown column 'sniffers' in 'field list'] SQL [INSERT INTO `cfg_spoofers` (`state`, `created`, `rcv_msgid`, `cpuid`, `proc_type`, `senders`, `sniffers`) VALUES ("1", "1420770865", "", "", "", "1,28,30", "2,4")]
[2015-01-09 14:22:36.198] [ERROR] 查询错误 [Table 'bypass.cfg_rules' doesn't exist] SQL [select count(*) as total from`cfg_rules` where 1=1]
[2015-01-09 15:32:29.547] [ERROR] 执行错误 [Unknown column 'ruels' in 'field list'] SQL [INSERT INTO `cfg_bus_domains` (`state`, `created`, `domain`, `ruels`, `type`) VALUES ("1", "1420788749", "1", "", "")]
[2015-01-09 15:33:05.579] [ERROR] 执行错误 [Unknown column 'ruels' in 'field list'] SQL [INSERT INTO `cfg_bus_domains` (`state`, `created`, `domain`, `ruels`, `type`) VALUES ("1", "1420788785", "1", "", "")]
[2015-01-09 15:35:05.487] [ERROR] 执行错误 [Unknown column 'ruels' in 'field list'] SQL [INSERT INTO `cfg_bus_domains` (`state`, `created`, `domain`, `ruels`, `type`) VALUES ("1", "1420788905", "1", "", "2")]
[2015-01-11 13:30:08.435] [ERROR] 执行错误 [Duplicate entry '3' for key 'PRIMARY'] SQL [UPDATE `interface` SET `inter_id` = "3", `name` = "", `type` = "3"]
[2015-01-11 13:32:40.582] [ERROR] 执行错误 [Duplicate entry '3' for key 'PRIMARY'] SQL [UPDATE `interface` SET `inter_id` = "3", `name` = "", `type` = "3"]
[2015-01-11 13:33:16.976] [ERROR] 执行错误 [Duplicate entry '3' for key 'PRIMARY'] SQL [UPDATE `interface` SET `inter_id` = "3", `name` = "", `type` = "3"]
[2015-01-11 13:34:32.241] [ERROR] 执行错误 [Duplicate entry '3' for key 'PRIMARY'] SQL [UPDATE `interface` SET `inter_id` = "3", `type` = "3"]
[2015-01-11 13:36:43.816] [ERROR] 执行错误 [Duplicate entry '3' for key 'PRIMARY'] SQL [UPDATE `interface` SET `inter_id` = "3", `type` = "3"]
[2015-01-11 13:37:23.717] [ERROR] 执行错误 [Duplicate entry '3' for key 'PRIMARY'] SQL [UPDATE `interface` SET `inter_id` = "3", `type` = "3"]
[2015-01-11 13:46:09.768] [ERROR] 执行错误 [Unknown column 'type' in 'field list'] SQL [INSERT INTO `manage` (`type`, `inter_id`, `ma_id`, `ip`, `mask`, `gateway`, `dns1`, `dns2`) VALUES ("3", "3", "3", "192.168.0.81", "192.168.0.9", "192.168.0.8", "192.168.0.8", "192.168.0.8") ON DUPLICATE KEY UPDATE `type` = VALUES(`type`), `inter_id` = VALUES(`inter_id`), `ma_id` = VALUES(`ma_id`), `ip` = VALUES(`ip`), `mask` = VALUES(`mask`), `gateway` = VALUES(`gateway`), `dns1` = VALUES(`dns1`), `dns2` = VALUES(`dns2`)]
[2015-01-11 16:22:40.726] [ERROR] 查询错误 [Column 'bus_id' in on clause is ambiguous] SQL [SELECT * FROM business INNER JOIN http_rule ON bus_id=   6]
[2015-01-11 17:30:17.031] [ERROR] 执行错误 [Duplicate entry '8' for key 'PRIMARY'] SQL [UPDATE `business` SET `bus_id` = "   8 \'", `state` = "0\'"]
[2015-01-11 17:30:42.741] [ERROR] 执行错误 [Duplicate entry '8' for key 'PRIMARY'] SQL [UPDATE `business` SET `bus_id` = "   8 \'", `state` = "0\'"]
[2015-01-11 17:30:43.591] [ERROR] 执行错误 [Duplicate entry '8' for key 'PRIMARY'] SQL [UPDATE `business` SET `bus_id` = "   8 \'", `state` = "0\'"]
[2015-01-11 17:30:44.240] [ERROR] 执行错误 [Duplicate entry '8' for key 'PRIMARY'] SQL [UPDATE `business` SET `bus_id` = "   8 \'", `state` = "0\'"]
[2015-01-11 17:30:44.765] [ERROR] 执行错误 [Duplicate entry '8' for key 'PRIMARY'] SQL [UPDATE `business` SET `bus_id` = "   8 \'", `state` = "0\'"]
[2015-01-11 17:30:45.572] [ERROR] 执行错误 [Duplicate entry '8' for key 'PRIMARY'] SQL [UPDATE `business` SET `bus_id` = "   8 \'", `state` = "0\'"]
[2015-01-11 17:30:45.947] [ERROR] 执行错误 [Duplicate entry '8' for key 'PRIMARY'] SQL [UPDATE `business` SET `bus_id` = "   8 \'", `state` = "0\'"]
[2015-01-11 17:30:50.094] [ERROR] 执行错误 [Duplicate entry '6' for key 'PRIMARY'] SQL [UPDATE `business` SET `bus_id` = "   6 \'", `state` = "0\'"]
[2015-01-12 12:30:39.560] [ERROR] 查询错误 [Table 'bypass.http_rule' doesn't exist] SQL [SELECT * FROM http_rule WHERE `bus_id` = "   7"]
[2015-01-12 12:36:11.715] [ERROR] 查询错误 [Table 'bypass.http_rule' doesn't exist] SQL [SELECT * FROM http_rule WHERE `bus_id` = "   6"]
[2015-01-12 16:40:15.296] [ERROR] 查询错误 [Table 'bypass.business' doesn't exist] SQL [SELECT * FROM business]
[2015-01-12 16:40:26.408] [ERROR] 查询错误 [Table 'bypass.business' doesn't exist] SQL [SELECT * FROM business WHERE `tag` = "3"]
[2015-01-12 18:00:34.598] [ERROR] 查询错误 [Table 'bypass.business' doesn't exist] SQL [SELECT * FROM business WHERE `tag` = "3"]
[2015-01-12 18:02:51.663] [ERROR] 执行错误 [Unknown column 'bus_id' in 'field list'] SQL [INSERT INTO `http_domain` (`bus_id`, `state`) VALUES ("   <br /><b>Notice</b>:  Undefined property: stdClass::$bus_id in <b>/home/bingo/bypass/trunk/php/var/templates_c/1c958ae07b3d898ad5408a61677bcd8ff5f0ad3d.file.set_valueAdd.phtml.php</b> on line <b>100</b><br /> \'", "0\'") ON DUPLICATE KEY UPDATE `bus_id` = VALUES(`bus_id`), `state` = VALUES(`state`)]
[2015-01-12 18:04:15.219] [ERROR] 执行错误 [Unknown column 'bus_id' in 'field list'] SQL [INSERT INTO `http_domain` (`bus_id`, `state`) VALUES ("", "0\'") ON DUPLICATE KEY UPDATE `bus_id` = VALUES(`bus_id`), `state` = VALUES(`state`)]
[2015-01-13 11:48:08.024] [ERROR] 执行错误 [Cannot delete or update a parent row: a foreign key constraint fails (`bypass`.`http_rule`, CONSTRAINT `fk_http_rule_1` FOREIGN KEY (`do_id`) REFERENCES `http_domain` (`do_id`) ON DELETE NO ACTION ON UPDATE NO ACTION)] SQL [DELETE FROM `http_domain` WHERE `do_id` = "   8"]
[2015-01-13 14:28:26.952] [ERROR] 查询错误 [Column 'created' in field list is ambiguous] SQL [select domain,rule_id,orders,url,cookies,referer,data_num,created,updated,state from http_rule r inner join http_domain d on r.do_id=d.do_id]
[2015-01-13 14:39:31.821] [ERROR] 执行错误 [You have an error in your SQL syntax; check the manual that corresponds to your MySQL server version for the right syntax to use near '6' at line 1] SQL [6]
[2015-01-13 14:40:24.092] [ERROR] 执行错误 [You have an error in your SQL syntax; check the manual that corresponds to your MySQL server version for the right syntax to use near '6' at line 1] SQL [6]
[2015-01-13 14:41:53.971] [ERROR] 执行错误 [You have an error in your SQL syntax; check the manual that corresponds to your MySQL server version for the right syntax to use near '6' at line 1] SQL [6]
[2015-01-13 14:41:59.582] [ERROR] 执行错误 [You have an error in your SQL syntax; check the manual that corresponds to your MySQL server version for the right syntax to use near '6' at line 1] SQL [6]
[2015-01-13 14:43:07.360] [ERROR] 查询错误 [You have an error in your SQL syntax; check the manual that corresponds to your MySQL server version for the right syntax to use near ''' at line 1] SQL [select domain,rule_id,orders,url,cookies,referer,data_num,r.created,r.updated,r.state from http_rule r inner join http_domain d on r.do_id=d.do_id and r.do_id=   6   ']
[2015-01-13 14:43:15.811] [ERROR] 查询错误 [You have an error in your SQL syntax; check the manual that corresponds to your MySQL server version for the right syntax to use near ''' at line 1] SQL [select domain,rule_id,orders,url,cookies,referer,data_num,r.created,r.updated,r.state from http_rule r inner join http_domain d on r.do_id=d.do_id and r.do_id=   6   ']
[2015-01-13 14:43:58.455] [ERROR] 执行错误 [You have an error in your SQL syntax; check the manual that corresponds to your MySQL server version for the right syntax to use near '6' at line 1] SQL [6]
[2015-01-13 14:47:40.611] [ERROR] 查询错误 [You have an error in your SQL syntax; check the manual that corresponds to your MySQL server version for the right syntax to use near ''' at line 1] SQL [select domain,rule_id,orders,url,cookies,referer,data_num,r.created,r.updated,r.state from http_rule r inner join http_domain d on r.do_id=d.do_id and r.do_id=   6   ']
[2015-01-13 14:49:27.464] [ERROR] 查询错误 [You have an error in your SQL syntax; check the manual that corresponds to your MySQL server version for the right syntax to use near ''' at line 1] SQL [select d.domain,r.* from http_rule r inner join http_domain d on r.do_id=d.do_id and r.do_id=   6   ']
[2015-01-13 14:51:52.300] [ERROR] 查询错误 [You have an error in your SQL syntax; check the manual that corresponds to your MySQL server version for the right syntax to use near ''' at line 1] SQL [select d.domain,r.* from http_rule r inner join http_domain d on r.do_id=d.do_id and r.do_id=   6   ']
[2015-01-13 14:52:07.470] [ERROR] 查询错误 [You have an error in your SQL syntax; check the manual that corresponds to your MySQL server version for the right syntax to use near ''' at line 1] SQL [select d.domain,r.* from http_rule r inner join http_domain d on r.do_id=d.do_id and r.do_id=   6   ']
[2015-01-13 14:53:08.442] [ERROR] 查询错误 [You have an error in your SQL syntax; check the manual that corresponds to your MySQL server version for the right syntax to use near ''' at line 1] SQL [select d.domain,r.* from `http_rule r` inner join `http_domain` d on r.do_id=d.do_id and r.do_id=   6   ']
[2015-01-13 14:53:09.721] [ERROR] 查询错误 [You have an error in your SQL syntax; check the manual that corresponds to your MySQL server version for the right syntax to use near ''' at line 1] SQL [select d.domain,r.* from `http_rule r` inner join `http_domain` d on r.do_id=d.do_id and r.do_id=   6   ']
[2015-01-13 14:53:10.267] [ERROR] 查询错误 [You have an error in your SQL syntax; check the manual that corresponds to your MySQL server version for the right syntax to use near ''' at line 1] SQL [select d.domain,r.* from `http_rule r` inner join `http_domain` d on r.do_id=d.do_id and r.do_id=   6   ']
[2015-01-13 14:55:41.115] [ERROR] 查询错误 [You have an error in your SQL syntax; check the manual that corresponds to your MySQL server version for the right syntax to use near ''' at line 1] SQL [select d.domain,r.* from `http_rule` r inner join `http_domain` d on r.do_id=d.do_id and r.do_id=   6   ']
[2015-01-13 14:56:23.464] [ERROR] 查询错误 [You have an error in your SQL syntax; check the manual that corresponds to your MySQL server version for the right syntax to use near ''' at line 1] SQL [select d.domain,r.* from `http_rule` r inner join `http_domain` d on r.do_id=d.do_id and r.do_id=   6   ']
[2015-01-13 14:58:50.898] [ERROR] 查询错误 [You have an error in your SQL syntax; check the manual that corresponds to your MySQL server version for the right syntax to use near ''' at line 1] SQL [select d.domain,r.* from `http_rule` r inner join `http_domain` d on r.do_id=d.do_id and r.do_id=   6   ']
[2015-01-13 14:58:51.701] [ERROR] 查询错误 [You have an error in your SQL syntax; check the manual that corresponds to your MySQL server version for the right syntax to use near ''' at line 1] SQL [select d.domain,r.* from `http_rule` r inner join `http_domain` d on r.do_id=d.do_id and r.do_id=   6   ']
[2015-01-13 14:58:52.132] [ERROR] 查询错误 [You have an error in your SQL syntax; check the manual that corresponds to your MySQL server version for the right syntax to use near ''' at line 1] SQL [select d.domain,r.* from `http_rule` r inner join `http_domain` d on r.do_id=d.do_id and r.do_id=   6   ']
[2015-01-13 14:58:52.501] [ERROR] 查询错误 [You have an error in your SQL syntax; check the manual that corresponds to your MySQL server version for the right syntax to use near ''' at line 1] SQL [select d.domain,r.* from `http_rule` r inner join `http_domain` d on r.do_id=d.do_id and r.do_id=   6   ']
[2015-01-13 17:35:52.270] [ERROR] 执行错误 [Unknown column '0' in 'field list'] SQL [INSERT INTO `http_data` (`0`) VALUES ("10"), ("2"), (), ("3"), (), (), (), () ON DUPLICATE KEY UPDATE `0` = VALUES(`0`)]
[2015-01-13 17:53:36.127] [ERROR] 执行错误 [Unknown column 'do_id' in 'field list'] SQL [INSERT INTO `http_data` (`do_id`, `orders`, `data_num`, `url`, `cookies`, `referer`, `state`, `rule_id`, `updated`) VALUES ("6", "12", "2", "28", "a", "d", "1", "6", "1421142816") ON DUPLICATE KEY UPDATE `do_id` = VALUES(`do_id`), `orders` = VALUES(`orders`), `data_num` = VALUES(`data_num`), `url` = VALUES(`url`), `cookies` = VALUES(`cookies`), `referer` = VALUES(`referer`), `state` = VALUES(`state`), `rule_id` = VALUES(`rule_id`), `updated` = VALUES(`updated`)]
[2015-01-13 17:55:06.931] [ERROR] 执行错误 [Unknown column 'do_id' in 'field list'] SQL [INSERT INTO `http_data` (`do_id`, `orders`, `data_num`, `url`, `cookies`, `referer`, `state`, `created`) VALUES ("10", "5", "2", "bb", "cc", "aa", "1", "1421142906") ON DUPLICATE KEY UPDATE `do_id` = VALUES(`do_id`), `orders` = VALUES(`orders`), `data_num` = VALUES(`data_num`), `url` = VALUES(`url`), `cookies` = VALUES(`cookies`), `referer` = VALUES(`referer`), `state` = VALUES(`state`), `created` = VALUES(`created`)]
[2015-01-13 17:57:50.177] [ERROR] 执行错误 [Unknown column 'do_id' in 'field list'] SQL [INSERT INTO `http_data` (`do_id`, `orders`, `data_num`, `url`, `cookies`, `referer`, `state`, `created`) VALUES ("11", "4", "2", "4", "4", "4", "1", "1421143070") ON DUPLICATE KEY UPDATE `do_id` = VALUES(`do_id`), `orders` = VALUES(`orders`), `data_num` = VALUES(`data_num`), `url` = VALUES(`url`), `cookies` = VALUES(`cookies`), `referer` = VALUES(`referer`), `state` = VALUES(`state`), `created` = VALUES(`created`)]
[2015-01-13 17:58:17.731] [ERROR] 执行错误 [Unknown column 'orders' in 'field list'] SQL [INSERT INTO `http_data` (`orders`, `data_num`, `url`, `cookies`, `referer`, `state`, `created`) VALUES ("6", "2", "6", "6", "6", "1", "1421143097") ON DUPLICATE KEY UPDATE `orders` = VALUES(`orders`), `data_num` = VALUES(`data_num`), `url` = VALUES(`url`), `cookies` = VALUES(`cookies`), `referer` = VALUES(`referer`), `state` = VALUES(`state`), `created` = VALUES(`created`)]
[2015-01-15 10:44:50.105] [ERROR] 执行错误 [Unknown column 'dns_spoofers' in 'field list'] SQL [INSERT INTO `main_config` (`updated`, `max_dns_pkt_size`, `max_http_pkt_size`, `max_send_size`, `max_log_len`, `dns_dmn_data_path`, `http_dmn_data_path`, `log_file`, `statis_file`, `http_spoofers`, `dns_spoofers`) VALUES ("1421289890", "1", "1", "1", "1", "1", "1", "1", "1", "1", "1") ON DUPLICATE KEY UPDATE `updated` = VALUES(`updated`), `max_dns_pkt_size` = VALUES(`max_dns_pkt_size`), `max_http_pkt_size` = VALUES(`max_http_pkt_size`), `max_send_size` = VALUES(`max_send_size`), `max_log_len` = VALUES(`max_log_len`), `dns_dmn_data_path` = VALUES(`dns_dmn_data_path`), `http_dmn_data_path` = VALUES(`http_dmn_data_path`), `log_file` = VALUES(`log_file`), `statis_file` = VALUES(`statis_file`), `http_spoofers` = VALUES(`http_spoofers`), `dns_spoofers` = VALUES(`dns_spoofers`)]
[2015-01-15 15:17:42.609] [ERROR] 执行错误 [Unknown column 'out_left_num' in 'field list'] SQL [INSERT INTO `outpackage` (`created`, `inter_id`, `out_num`, `out_left_num`) VALUES ("1421306262", "1", "4", "-4") ON DUPLICATE KEY UPDATE `created` = VALUES(`created`), `inter_id` = VALUES(`inter_id`), `out_num` = VALUES(`out_num`), `out_left_num` = VALUES(`out_left_num`)]
[2015-01-15 15:18:00.225] [ERROR] 执行错误 [Unknown column 'out_left_num' in 'field list'] SQL [INSERT INTO `outpackage` (`created`, `inter_id`, `out_num`, `out_left_num`) VALUES ("1421306280", "1", "4", "-4") ON DUPLICATE KEY UPDATE `created` = VALUES(`created`), `inter_id` = VALUES(`inter_id`), `out_num` = VALUES(`out_num`), `out_left_num` = VALUES(`out_left_num`)]
[2015-01-15 15:40:46.161] [ERROR] 执行错误 [Unknown column 'out_left_num' in 'field list'] SQL [INSERT INTO `outpackage` (`created`, `inter_id`, `out_num`, `out_left_num`) VALUES ("1421307646", "1", "3", "1") ON DUPLICATE KEY UPDATE `created` = VALUES(`created`), `inter_id` = VALUES(`inter_id`), `out_num` = VALUES(`out_num`), `out_left_num` = VALUES(`out_left_num`)]
[2015-01-15 15:42:09.744] [ERROR] 执行错误 [Unknown column 'inter_id' in 'field list'] SQL [UPDATE `out_left` SET `inter_id` = "1", `out_left_num` = "2" WHERE `out_left_id` = "1"]
[2015-01-15 15:50:19.260] [ERROR] 执行错误 [Unknown column 'inter_id' in 'field list'] SQL [UPDATE `out_left` SET `inter_id` = "1", `out_left_num` = "4" WHERE `out_left_id` = "1"]
[2015-01-16 10:02:23.980] [ERROR] 查询错误 [You have an error in your SQL syntax; check the manual that corresponds to your MySQL server version for the right syntax to use near 'and state=1)' at line 1] SQL [select inter_id,name from `interface` where type=1 and state=0 or (inter_id= and state=1)]
[2015-01-16 10:02:24.604] [ERROR] 查询错误 [You have an error in your SQL syntax; check the manual that corresponds to your MySQL server version for the right syntax to use near 'and state=1)' at line 1] SQL [select inter_id,name from `interface` where type=1 and state=0 or (inter_id= and state=1)]
[2015-01-16 10:02:24.892] [ERROR] 查询错误 [You have an error in your SQL syntax; check the manual that corresponds to your MySQL server version for the right syntax to use near 'and state=1)' at line 1] SQL [select inter_id,name from `interface` where type=1 and state=0 or (inter_id= and state=1)]
[2015-01-16 10:02:25.119] [ERROR] 查询错误 [You have an error in your SQL syntax; check the manual that corresponds to your MySQL server version for the right syntax to use near 'and state=1)' at line 1] SQL [select inter_id,name from `interface` where type=1 and state=0 or (inter_id= and state=1)]
[2015-01-16 10:02:25.813] [ERROR] 查询错误 [You have an error in your SQL syntax; check the manual that corresponds to your MySQL server version for the right syntax to use near 'and state=1)' at line 1] SQL [select inter_id,name from `interface` where type=1 and state=0 or (inter_id= and state=1)]
[2015-01-16 10:02:26.987] [ERROR] 查询错误 [You have an error in your SQL syntax; check the manual that corresponds to your MySQL server version for the right syntax to use near 'and state=1)' at line 1] SQL [select inter_id,name from `interface` where type=1 and state=0 or (inter_id= and state=1)]
[2015-01-16 10:02:28.344] [ERROR] 查询错误 [You have an error in your SQL syntax; check the manual that corresponds to your MySQL server version for the right syntax to use near 'and state=1)' at line 1] SQL [select inter_id,name from `interface` where type=1 and state=0 or (inter_id= and state=1)]
[2015-01-16 10:02:29.076] [ERROR] 查询错误 [You have an error in your SQL syntax; check the manual that corresponds to your MySQL server version for the right syntax to use near 'and state=1)' at line 1] SQL [select inter_id,name from `interface` where type=1 and state=0 or (inter_id= and state=1)]
[2015-01-16 10:02:40.730] [ERROR] 查询错误 [You have an error in your SQL syntax; check the manual that corresponds to your MySQL server version for the right syntax to use near 'and state=1)' at line 1] SQL [select inter_id,name from `interface` where (type=1 and state=0) or (inter_id= and state=1)]
[2015-01-16 10:02:41.151] [ERROR] 查询错误 [You have an error in your SQL syntax; check the manual that corresponds to your MySQL server version for the right syntax to use near 'and state=1)' at line 1] SQL [select inter_id,name from `interface` where (type=1 and state=0) or (inter_id= and state=1)]
[2015-01-16 10:02:41.351] [ERROR] 查询错误 [You have an error in your SQL syntax; check the manual that corresponds to your MySQL server version for the right syntax to use near 'and state=1)' at line 1] SQL [select inter_id,name from `interface` where (type=1 and state=0) or (inter_id= and state=1)]
[2015-01-16 10:02:41.534] [ERROR] 查询错误 [You have an error in your SQL syntax; check the manual that corresponds to your MySQL server version for the right syntax to use near 'and state=1)' at line 1] SQL [select inter_id,name from `interface` where (type=1 and state=0) or (inter_id= and state=1)]
[2015-01-16 10:02:41.708] [ERROR] 查询错误 [You have an error in your SQL syntax; check the manual that corresponds to your MySQL server version for the right syntax to use near 'and state=1)' at line 1] SQL [select inter_id,name from `interface` where (type=1 and state=0) or (inter_id= and state=1)]
[2015-01-16 10:02:41.887] [ERROR] 查询错误 [You have an error in your SQL syntax; check the manual that corresponds to your MySQL server version for the right syntax to use near 'and state=1)' at line 1] SQL [select inter_id,name from `interface` where (type=1 and state=0) or (inter_id= and state=1)]
[2015-01-16 10:02:42.047] [ERROR] 查询错误 [You have an error in your SQL syntax; check the manual that corresponds to your MySQL server version for the right syntax to use near 'and state=1)' at line 1] SQL [select inter_id,name from `interface` where (type=1 and state=0) or (inter_id= and state=1)]
[2015-01-16 10:02:46.704] [ERROR] 查询错误 [You have an error in your SQL syntax; check the manual that corresponds to your MySQL server version for the right syntax to use near 'and state=1)' at line 1] SQL [select inter_id,name from `interface` where (type=1 and state=0) or (inter_id= and state=1)]
[2015-01-16 10:02:47.045] [ERROR] 查询错误 [You have an error in your SQL syntax; check the manual that corresponds to your MySQL server version for the right syntax to use near 'and state=1)' at line 1] SQL [select inter_id,name from `interface` where (type=1 and state=0) or (inter_id= and state=1)]
[2015-01-16 10:02:48.000] [ERROR] 查询错误 [You have an error in your SQL syntax; check the manual that corresponds to your MySQL server version for the right syntax to use near 'and state=1)' at line 1] SQL [select inter_id,name from `interface` where (type=1 and state=0) or (inter_id= and state=1)]
[2015-01-16 10:02:48.874] [ERROR] 查询错误 [You have an error in your SQL syntax; check the manual that corresponds to your MySQL server version for the right syntax to use near 'and state=1)' at line 1] SQL [select inter_id,name from `interface` where (type=1 and state=0) or (inter_id= and state=1)]
[2015-01-16 10:03:18.110] [ERROR] 查询错误 [You have an error in your SQL syntax; check the manual that corresponds to your MySQL server version for the right syntax to use near 'and state=1)' at line 1] SQL [select inter_id,name from `interface` where (type=1 and state=0) or (inter_id= and state=1)]
[2015-01-16 10:03:19.102] [ERROR] 查询错误 [You have an error in your SQL syntax; check the manual that corresponds to your MySQL server version for the right syntax to use near 'and state=1)' at line 1] SQL [select inter_id,name from `interface` where (type=1 and state=0) or (inter_id= and state=1)]
[2015-01-16 10:04:57.311] [ERROR] 查询错误 [You have an error in your SQL syntax; check the manual that corresponds to your MySQL server version for the right syntax to use near ')' at line 1] SQL [select inter_id,name from `interface` where (type=1 and state=0) or (inter_id=)]
[2015-01-16 10:04:58.265] [ERROR] 查询错误 [You have an error in your SQL syntax; check the manual that corresponds to your MySQL server version for the right syntax to use near ')' at line 1] SQL [select inter_id,name from `interface` where (type=1 and state=0) or (inter_id=)]
[2015-01-16 10:05:21.384] [ERROR] 查询错误 [You have an error in your SQL syntax; check the manual that corresponds to your MySQL server version for the right syntax to use near '' at line 1] SQL [select inter_id,name from `interface` where (type=1 and state=0) or inter_id=]
[2015-01-16 10:05:21.725] [ERROR] 查询错误 [You have an error in your SQL syntax; check the manual that corresponds to your MySQL server version for the right syntax to use near '' at line 1] SQL [select inter_id,name from `interface` where (type=1 and state=0) or inter_id=]
[2015-01-16 10:05:22.349] [ERROR] 查询错误 [You have an error in your SQL syntax; check the manual that corresponds to your MySQL server version for the right syntax to use near '' at line 1] SQL [select inter_id,name from `interface` where (type=1 and state=0) or inter_id=]
[2015-01-16 10:05:23.980] [ERROR] 查询错误 [You have an error in your SQL syntax; check the manual that corresponds to your MySQL server version for the right syntax to use near '' at line 1] SQL [select inter_id,name from `interface` where (type=1 and state=0) or inter_id=]
[2015-01-16 10:05:24.543] [ERROR] 查询错误 [You have an error in your SQL syntax; check the manual that corresponds to your MySQL server version for the right syntax to use near '' at line 1] SQL [select inter_id,name from `interface` where (type=1 and state=0) or inter_id=]
[2015-01-16 10:05:52.286] [ERROR] 查询错误 [You have an error in your SQL syntax; check the manual that corresponds to your MySQL server version for the right syntax to use near '' at line 1] SQL [select inter_id,name from `interface` where (type=1 and state=0) or inter_id=]
[2015-01-16 10:05:52.535] [ERROR] 查询错误 [You have an error in your SQL syntax; check the manual that corresponds to your MySQL server version for the right syntax to use near '' at line 1] SQL [select inter_id,name from `interface` where (type=1 and state=0) or inter_id=]
[2015-01-16 10:05:53.750] [ERROR] 查询错误 [You have an error in your SQL syntax; check the manual that corresponds to your MySQL server version for the right syntax to use near '' at line 1] SQL [select inter_id,name from `interface` where (type=1 and state=0) or inter_id=]
[2015-01-16 10:07:40.872] [ERROR] 查询错误 [You have an error in your SQL syntax; check the manual that corresponds to your MySQL server version for the right syntax to use near '' at line 1] SQL [select name from `interface` where inter_id=]
[2015-01-16 10:07:41.290] [ERROR] 查询错误 [You have an error in your SQL syntax; check the manual that corresponds to your MySQL server version for the right syntax to use near '' at line 1] SQL [select name from `interface` where inter_id=]
[2015-01-16 10:07:42.074] [ERROR] 查询错误 [You have an error in your SQL syntax; check the manual that corresponds to your MySQL server version for the right syntax to use near '' at line 1] SQL [select name from `interface` where inter_id=]
[2015-01-16 10:07:42.916] [ERROR] 查询错误 [You have an error in your SQL syntax; check the manual that corresponds to your MySQL server version for the right syntax to use near '' at line 1] SQL [select name from `interface` where inter_id=]
[2015-01-16 10:07:43.601] [ERROR] 查询错误 [You have an error in your SQL syntax; check the manual that corresponds to your MySQL server version for the right syntax to use near '' at line 1] SQL [select name from `interface` where inter_id=]
[2015-01-16 10:07:44.295] [ERROR] 查询错误 [You have an error in your SQL syntax; check the manual that corresponds to your MySQL server version for the right syntax to use near '' at line 1] SQL [select name from `interface` where inter_id=]
[2015-01-16 10:07:44.937] [ERROR] 查询错误 [You have an error in your SQL syntax; check the manual that corresponds to your MySQL server version for the right syntax to use near '' at line 1] SQL [select name from `interface` where inter_id=]
[2015-01-16 10:09:29.619] [ERROR] 查询错误 [You have an error in your SQL syntax; check the manual that corresponds to your MySQL server version for the right syntax to use near '' at line 1] SQL [select name from `interface` where inter_id=]
[2015-01-16 10:09:30.097] [ERROR] 查询错误 [You have an error in your SQL syntax; check the manual that corresponds to your MySQL server version for the right syntax to use near '' at line 1] SQL [select name from `interface` where inter_id=]
[2015-01-16 10:09:30.985] [ERROR] 查询错误 [You have an error in your SQL syntax; check the manual that corresponds to your MySQL server version for the right syntax to use near '' at line 1] SQL [select name from `interface` where inter_id=]
[2015-01-16 10:09:54.360] [ERROR] 查询错误 [You have an error in your SQL syntax; check the manual that corresponds to your MySQL server version for the right syntax to use near '' at line 1] SQL [select name from `interface` where inter_id=]
[2015-01-16 10:09:56.823] [ERROR] 查询错误 [You have an error in your SQL syntax; check the manual that corresponds to your MySQL server version for the right syntax to use near '' at line 1] SQL [select name from `interface` where inter_id=]
[2015-01-16 10:09:57.951] [ERROR] 查询错误 [You have an error in your SQL syntax; check the manual that corresponds to your MySQL server version for the right syntax to use near '' at line 1] SQL [select name from `interface` where inter_id=]
[2015-01-16 10:09:58.908] [ERROR] 查询错误 [You have an error in your SQL syntax; check the manual that corresponds to your MySQL server version for the right syntax to use near '' at line 1] SQL [select name from `interface` where inter_id=]
[2015-01-16 10:09:59.787] [ERROR] 查询错误 [You have an error in your SQL syntax; check the manual that corresponds to your MySQL server version for the right syntax to use near '' at line 1] SQL [select name from `interface` where inter_id=]
[2015-01-16 10:10:01.340] [ERROR] 查询错误 [You have an error in your SQL syntax; check the manual that corresponds to your MySQL server version for the right syntax to use near '' at line 1] SQL [select name from `interface` where inter_id=]
[2015-01-16 11:36:20.088] [ERROR] 查询错误 [Unknown column 'domain.name' in 'field list'] SQL [SELECT data.*,domain.name FROM `http_data` data inner join `http_domain` domain on data.do_id=domain.do_id]
[2015-01-16 11:36:36.548] [ERROR] 查询错误 [Unknown column 'domain.name' in 'field list'] SQL [SELECT data.*,domain.name FROM `http_data` data inner join `http_domain` domain on data.do_id=domain.do_id]
[2015-01-16 11:36:37.748] [ERROR] 查询错误 [Unknown column 'domain.name' in 'field list'] SQL [SELECT data.*,domain.name FROM `http_data` data inner join `http_domain` domain on data.do_id=domain.do_id]
[2015-01-16 11:36:37.967] [ERROR] 查询错误 [Unknown column 'domain.name' in 'field list'] SQL [SELECT data.*,domain.name FROM `http_data` data inner join `http_domain` domain on data.do_id=domain.do_id]
[2015-01-16 11:36:38.177] [ERROR] 查询错误 [Unknown column 'domain.name' in 'field list'] SQL [SELECT data.*,domain.name FROM `http_data` data inner join `http_domain` domain on data.do_id=domain.do_id]
[2015-01-16 11:37:05.238] [ERROR] 查询错误 [Unknown column 'domain.name' in 'field list'] SQL [SELECT data.*,domain.name FROM `http_data` data inner join `http_domain` domain on data.do_id=domain.do_id]
[2015-01-16 11:37:05.765] [ERROR] 查询错误 [Unknown column 'domain.name' in 'field list'] SQL [SELECT data.*,domain.name FROM `http_data` data inner join `http_domain` domain on data.do_id=domain.do_id]
[2015-01-16 11:37:05.969] [ERROR] 查询错误 [Unknown column 'domain.name' in 'field list'] SQL [SELECT data.*,domain.name FROM `http_data` data inner join `http_domain` domain on data.do_id=domain.do_id]
[2015-01-16 11:37:06.128] [ERROR] 查询错误 [Unknown column 'domain.name' in 'field list'] SQL [SELECT data.*,domain.name FROM `http_data` data inner join `http_domain` domain on data.do_id=domain.do_id]
[2015-01-16 11:39:23.085] [ERROR] 查询错误 [Unknown column 'domain.name' in 'field list'] SQL [SELECT data.*,domain.name FROM `http_data` data inner join `http_domain` domain on data.do_id=domain.do_id]
[2015-01-16 11:39:23.885] [ERROR] 查询错误 [Unknown column 'domain.name' in 'field list'] SQL [SELECT data.*,domain.name FROM `http_data` data inner join `http_domain` domain on data.do_id=domain.do_id]
[2015-01-16 11:40:05.454] [ERROR] 查询错误 [Unknown column 'domain.name' in 'field list'] SQL [SELECT data.*,domain.name FROM `http_data` data inner join `http_domain` domain on data.do_id=domain.do_id]
[2015-01-16 11:40:05.626] [ERROR] 查询错误 [Unknown column 'domain.name' in 'field list'] SQL [SELECT data.*,domain.name FROM `http_data` data inner join `http_domain` domain on data.do_id=domain.do_id]
[2015-01-16 11:40:05.770] [ERROR] 查询错误 [Unknown column 'domain.name' in 'field list'] SQL [SELECT data.*,domain.name FROM `http_data` data inner join `http_domain` domain on data.do_id=domain.do_id]
[2015-01-16 11:40:05.930] [ERROR] 查询错误 [Unknown column 'domain.name' in 'field list'] SQL [SELECT data.*,domain.name FROM `http_data` data inner join `http_domain` domain on data.do_id=domain.do_id]
[2015-01-16 15:42:39.741] [ERROR] 查询错误 [You have an error in your SQL syntax; check the manual that corresponds to your MySQL server version for the right syntax to use near 'in.* FROM `interface` inter inner join`inpackage` in on inter.inter_id=in.inter_' at line 1] SQL [SELECT inter.name,in.* FROM `interface` inter inner join`inpackage` in on inter.inter_id=in.inter_id]
[2015-01-16 15:43:27.129] [ERROR] 查询错误 [You have an error in your SQL syntax; check the manual that corresponds to your MySQL server version for the right syntax to use near 'in on inter.inter_id=in.inter_id' at line 1] SQL [SELECT inter.name FROM `interface` inter inner join`inpackage` in on inter.inter_id=in.inter_id]
[2015-01-16 15:43:42.294] [ERROR] 查询错误 [You have an error in your SQL syntax; check the manual that corresponds to your MySQL server version for the right syntax to use near 'in.* FROM `interface` inter inner join`inpackage` in on inter.inter_id=in.inter_' at line 1] SQL [SELECT in.* FROM `interface` inter inner join`inpackage` in on inter.inter_id=in.inter_id]
[2015-01-16 15:44:20.011] [ERROR] 查询错误 [You have an error in your SQL syntax; check the manual that corresponds to your MySQL server version for the right syntax to use near 'in.* FROM `interface` inter inner join `inpackage` in on inter.inter_id=in.inter' at line 1] SQL [SELECT in.* FROM `interface` inter inner join `inpackage` in on inter.inter_id=in.inter_id]
[2015-01-16 15:44:24.051] [ERROR] 查询错误 [You have an error in your SQL syntax; check the manual that corresponds to your MySQL server version for the right syntax to use near 'in.* FROM `interface` inter inner join `inpackage` in on inter.inter_id=in.inter' at line 1] SQL [SELECT in.* FROM `interface` inter inner join `inpackage` in on inter.inter_id=in.inter_id]
[2015-01-16 15:44:24.231] [ERROR] 查询错误 [You have an error in your SQL syntax; check the manual that corresponds to your MySQL server version for the right syntax to use near 'in.* FROM `interface` inter inner join `inpackage` in on inter.inter_id=in.inter' at line 1] SQL [SELECT in.* FROM `interface` inter inner join `inpackage` in on inter.inter_id=in.inter_id]
[2015-01-16 15:44:24.387] [ERROR] 查询错误 [You have an error in your SQL syntax; check the manual that corresponds to your MySQL server version for the right syntax to use near 'in.* FROM `interface` inter inner join `inpackage` in on inter.inter_id=in.inter' at line 1] SQL [SELECT in.* FROM `interface` inter inner join `inpackage` in on inter.inter_id=in.inter_id]
[2015-01-16 15:44:24.552] [ERROR] 查询错误 [You have an error in your SQL syntax; check the manual that corresponds to your MySQL server version for the right syntax to use near 'in.* FROM `interface` inter inner join `inpackage` in on inter.inter_id=in.inter' at line 1] SQL [SELECT in.* FROM `interface` inter inner join `inpackage` in on inter.inter_id=in.inter_id]
[2015-01-16 15:45:34.833] [ERROR] 查询错误 [You have an error in your SQL syntax; check the manual that corresponds to your MySQL server version for the right syntax to use near 'in on inter.inter_id=in.inter_id' at line 1] SQL [SELECT * FROM `interface` inter inner join `inpackage` in on inter.inter_id=in.inter_id]
[2015-01-16 15:45:35.311] [ERROR] 查询错误 [You have an error in your SQL syntax; check the manual that corresponds to your MySQL server version for the right syntax to use near 'in on inter.inter_id=in.inter_id' at line 1] SQL [SELECT * FROM `interface` inter inner join `inpackage` in on inter.inter_id=in.inter_id]
[2015-01-16 15:45:35.576] [ERROR] 查询错误 [You have an error in your SQL syntax; check the manual that corresponds to your MySQL server version for the right syntax to use near 'in on inter.inter_id=in.inter_id' at line 1] SQL [SELECT * FROM `interface` inter inner join `inpackage` in on inter.inter_id=in.inter_id]
[2015-01-16 15:45:35.845] [ERROR] 查询错误 [You have an error in your SQL syntax; check the manual that corresponds to your MySQL server version for the right syntax to use near 'in on inter.inter_id=in.inter_id' at line 1] SQL [SELECT * FROM `interface` inter inner join `inpackage` in on inter.inter_id=in.inter_id]
[2015-01-16 15:45:36.044] [ERROR] 查询错误 [You have an error in your SQL syntax; check the manual that corresponds to your MySQL server version for the right syntax to use near 'in on inter.inter_id=in.inter_id' at line 1] SQL [SELECT * FROM `interface` inter inner join `inpackage` in on inter.inter_id=in.inter_id]
[2015-01-16 15:45:36.196] [ERROR] 查询错误 [You have an error in your SQL syntax; check the manual that corresponds to your MySQL server version for the right syntax to use near 'in on inter.inter_id=in.inter_id' at line 1] SQL [SELECT * FROM `interface` inter inner join `inpackage` in on inter.inter_id=in.inter_id]
[2015-01-16 15:45:36.338] [ERROR] 查询错误 [You have an error in your SQL syntax; check the manual that corresponds to your MySQL server version for the right syntax to use near 'in on inter.inter_id=in.inter_id' at line 1] SQL [SELECT * FROM `interface` inter inner join `inpackage` in on inter.inter_id=in.inter_id]
[2015-01-16 15:45:36.483] [ERROR] 查询错误 [You have an error in your SQL syntax; check the manual that corresponds to your MySQL server version for the right syntax to use near 'in on inter.inter_id=in.inter_id' at line 1] SQL [SELECT * FROM `interface` inter inner join `inpackage` in on inter.inter_id=in.inter_id]
[2015-01-16 15:45:36.618] [ERROR] 查询错误 [You have an error in your SQL syntax; check the manual that corresponds to your MySQL server version for the right syntax to use near 'in on inter.inter_id=in.inter_id' at line 1] SQL [SELECT * FROM `interface` inter inner join `inpackage` in on inter.inter_id=in.inter_id]
[2015-01-16 15:45:36.763] [ERROR] 查询错误 [You have an error in your SQL syntax; check the manual that corresponds to your MySQL server version for the right syntax to use near 'in on inter.inter_id=in.inter_id' at line 1] SQL [SELECT * FROM `interface` inter inner join `inpackage` in on inter.inter_id=in.inter_id]
[2015-01-16 15:45:53.000] [ERROR] 查询错误 [You have an error in your SQL syntax; check the manual that corresponds to your MySQL server version for the right syntax to use near 'in on inter.inter_id=in.inter_id' at line 1] SQL [SELECT * FROM `interface` inter inner join `inpackage` in on inter.inter_id=in.inter_id]
[2015-01-16 15:45:53.162] [ERROR] 查询错误 [You have an error in your SQL syntax; check the manual that corresponds to your MySQL server version for the right syntax to use near 'in on inter.inter_id=in.inter_id' at line 1] SQL [SELECT * FROM `interface` inter inner join `inpackage` in on inter.inter_id=in.inter_id]
[2015-01-16 15:45:53.293] [ERROR] 查询错误 [You have an error in your SQL syntax; check the manual that corresponds to your MySQL server version for the right syntax to use near 'in on inter.inter_id=in.inter_id' at line 1] SQL [SELECT * FROM `interface` inter inner join `inpackage` in on inter.inter_id=in.inter_id]
[2015-01-16 15:45:53.416] [ERROR] 查询错误 [You have an error in your SQL syntax; check the manual that corresponds to your MySQL server version for the right syntax to use near 'in on inter.inter_id=in.inter_id' at line 1] SQL [SELECT * FROM `interface` inter inner join `inpackage` in on inter.inter_id=in.inter_id]
[2015-01-16 15:47:39.104] [ERROR] 查询错误 [You have an error in your SQL syntax; check the manual that corresponds to your MySQL server version for the right syntax to use near 'in on inter.inter_id=in.inter_id' at line 1] SQL [SELECT inter.* FROM `interface` inter inner join `inpackage` in on inter.inter_id=in.inter_id]
[2015-01-16 15:47:39.255] [ERROR] 查询错误 [You have an error in your SQL syntax; check the manual that corresponds to your MySQL server version for the right syntax to use near 'in on inter.inter_id=in.inter_id' at line 1] SQL [SELECT inter.* FROM `interface` inter inner join `inpackage` in on inter.inter_id=in.inter_id]
[2015-01-16 15:47:39.393] [ERROR] 查询错误 [You have an error in your SQL syntax; check the manual that corresponds to your MySQL server version for the right syntax to use near 'in on inter.inter_id=in.inter_id' at line 1] SQL [SELECT inter.* FROM `interface` inter inner join `inpackage` in on inter.inter_id=in.inter_id]
[2015-01-16 15:47:39.519] [ERROR] 查询错误 [You have an error in your SQL syntax; check the manual that corresponds to your MySQL server version for the right syntax to use near 'in on inter.inter_id=in.inter_id' at line 1] SQL [SELECT inter.* FROM `interface` inter inner join `inpackage` in on inter.inter_id=in.inter_id]
[2015-01-16 15:47:39.642] [ERROR] 查询错误 [You have an error in your SQL syntax; check the manual that corresponds to your MySQL server version for the right syntax to use near 'in on inter.inter_id=in.inter_id' at line 1] SQL [SELECT inter.* FROM `interface` inter inner join `inpackage` in on inter.inter_id=in.inter_id]
[2015-01-16 15:48:06.800] [ERROR] 查询错误 [You have an error in your SQL syntax; check the manual that corresponds to your MySQL server version for the right syntax to use near 'in.* FROM `interface` inter inner join `inpackage` in on inter.inter_id=in.inter' at line 1] SQL [SELECT inter.name,in.* FROM `interface` inter inner join `inpackage` in on inter.inter_id=in.inter_id]
[2015-01-16 15:48:06.961] [ERROR] 查询错误 [You have an error in your SQL syntax; check the manual that corresponds to your MySQL server version for the right syntax to use near 'in.* FROM `interface` inter inner join `inpackage` in on inter.inter_id=in.inter' at line 1] SQL [SELECT inter.name,in.* FROM `interface` inter inner join `inpackage` in on inter.inter_id=in.inter_id]
[2015-01-16 15:48:07.114] [ERROR] 查询错误 [You have an error in your SQL syntax; check the manual that corresponds to your MySQL server version for the right syntax to use near 'in.* FROM `interface` inter inner join `inpackage` in on inter.inter_id=in.inter' at line 1] SQL [SELECT inter.name,in.* FROM `interface` inter inner join `inpackage` in on inter.inter_id=in.inter_id]
[2015-01-16 15:48:07.254] [ERROR] 查询错误 [You have an error in your SQL syntax; check the manual that corresponds to your MySQL server version for the right syntax to use near 'in.* FROM `interface` inter inner join `inpackage` in on inter.inter_id=in.inter' at line 1] SQL [SELECT inter.name,in.* FROM `interface` inter inner join `inpackage` in on inter.inter_id=in.inter_id]
[2015-01-16 15:48:07.385] [ERROR] 查询错误 [You have an error in your SQL syntax; check the manual that corresponds to your MySQL server version for the right syntax to use near 'in.* FROM `interface` inter inner join `inpackage` in on inter.inter_id=in.inter' at line 1] SQL [SELECT inter.name,in.* FROM `interface` inter inner join `inpackage` in on inter.inter_id=in.inter_id]
[2015-01-16 15:48:07.507] [ERROR] 查询错误 [You have an error in your SQL syntax; check the manual that corresponds to your MySQL server version for the right syntax to use near 'in.* FROM `interface` inter inner join `inpackage` in on inter.inter_id=in.inter' at line 1] SQL [SELECT inter.name,in.* FROM `interface` inter inner join `inpackage` in on inter.inter_id=in.inter_id]
[2015-01-16 15:48:07.614] [ERROR] 查询错误 [You have an error in your SQL syntax; check the manual that corresponds to your MySQL server version for the right syntax to use near 'in.* FROM `interface` inter inner join `inpackage` in on inter.inter_id=in.inter' at line 1] SQL [SELECT inter.name,in.* FROM `interface` inter inner join `inpackage` in on inter.inter_id=in.inter_id]
[2015-01-16 15:48:18.190] [ERROR] 查询错误 [You have an error in your SQL syntax; check the manual that corresponds to your MySQL server version for the right syntax to use near 'in.* FROM `interface` inter inner join `inpackage` in on inter.inter_id=in.inter' at line 1] SQL [SELECT inter.name,in.* FROM `interface` inter inner join `inpackage` in on inter.inter_id=in.inter_id]
[2015-01-16 15:49:03.809] [ERROR] 查询错误 [You have an error in your SQL syntax; check the manual that corresponds to your MySQL server version for the right syntax to use near 'in.* FROM `interface` inter inner join `inpackage` in on inter.inter_id=in.inter' at line 1] SQL [SELECT inter.name,in.* FROM `interface` inter inner join `inpackage` in on inter.inter_id=in.inter_id]
[2015-01-16 15:49:03.954] [ERROR] 查询错误 [You have an error in your SQL syntax; check the manual that corresponds to your MySQL server version for the right syntax to use near 'in.* FROM `interface` inter inner join `inpackage` in on inter.inter_id=in.inter' at line 1] SQL [SELECT inter.name,in.* FROM `interface` inter inner join `inpackage` in on inter.inter_id=in.inter_id]
[2015-01-16 15:49:04.095] [ERROR] 查询错误 [You have an error in your SQL syntax; check the manual that corresponds to your MySQL server version for the right syntax to use near 'in.* FROM `interface` inter inner join `inpackage` in on inter.inter_id=in.inter' at line 1] SQL [SELECT inter.name,in.* FROM `interface` inter inner join `inpackage` in on inter.inter_id=in.inter_id]
[2015-01-16 15:49:04.235] [ERROR] 查询错误 [You have an error in your SQL syntax; check the manual that corresponds to your MySQL server version for the right syntax to use near 'in.* FROM `interface` inter inner join `inpackage` in on inter.inter_id=in.inter' at line 1] SQL [SELECT inter.name,in.* FROM `interface` inter inner join `inpackage` in on inter.inter_id=in.inter_id]
[2015-01-16 15:49:19.951] [ERROR] 查询错误 [You have an error in your SQL syntax; check the manual that corresponds to your MySQL server version for the right syntax to use near 'in on inter.inter_id=in.inter_id' at line 1] SQL [SELECT inter.* FROM `interface` inter inner join `inpackage` in on inter.inter_id=in.inter_id]
[2015-01-16 15:49:20.104] [ERROR] 查询错误 [You have an error in your SQL syntax; check the manual that corresponds to your MySQL server version for the right syntax to use near 'in on inter.inter_id=in.inter_id' at line 1] SQL [SELECT inter.* FROM `interface` inter inner join `inpackage` in on inter.inter_id=in.inter_id]
[2015-01-16 15:49:20.243] [ERROR] 查询错误 [You have an error in your SQL syntax; check the manual that corresponds to your MySQL server version for the right syntax to use near 'in on inter.inter_id=in.inter_id' at line 1] SQL [SELECT inter.* FROM `interface` inter inner join `inpackage` in on inter.inter_id=in.inter_id]
[2015-01-16 15:49:20.374] [ERROR] 查询错误 [You have an error in your SQL syntax; check the manual that corresponds to your MySQL server version for the right syntax to use near 'in on inter.inter_id=in.inter_id' at line 1] SQL [SELECT inter.* FROM `interface` inter inner join `inpackage` in on inter.inter_id=in.inter_id]
[2015-01-16 15:49:20.505] [ERROR] 查询错误 [You have an error in your SQL syntax; check the manual that corresponds to your MySQL server version for the right syntax to use near 'in on inter.inter_id=in.inter_id' at line 1] SQL [SELECT inter.* FROM `interface` inter inner join `inpackage` in on inter.inter_id=in.inter_id]
[2015-01-16 15:49:20.642] [ERROR] 查询错误 [You have an error in your SQL syntax; check the manual that corresponds to your MySQL server version for the right syntax to use near 'in on inter.inter_id=in.inter_id' at line 1] SQL [SELECT inter.* FROM `interface` inter inner join `inpackage` in on inter.inter_id=in.inter_id]
[2015-01-16 15:49:20.767] [ERROR] 查询错误 [You have an error in your SQL syntax; check the manual that corresponds to your MySQL server version for the right syntax to use near 'in on inter.inter_id=in.inter_id' at line 1] SQL [SELECT inter.* FROM `interface` inter inner join `inpackage` in on inter.inter_id=in.inter_id]
[2015-01-16 15:51:44.357] [ERROR] 查询错误 [You have an error in your SQL syntax; check the manual that corresponds to your MySQL server version for the right syntax to use near 'in on inter.inter_id=in.inter_id' at line 1] SQL [SELECT inter.* FROM `interface` inter natural join `inpackage` in on inter.inter_id=in.inter_id]
[2015-01-16 15:52:23.860] [ERROR] 查询错误 [You have an error in your SQL syntax; check the manual that corresponds to your MySQL server version for the right syntax to use near 'on inter.inter_id=inp.inter_id' at line 1] SQL [SELECT inter.* FROM `interface` inter natural join `inpackage` inp on inter.inter_id=inp.inter_id]
[2015-01-16 15:52:24.038] [ERROR] 查询错误 [You have an error in your SQL syntax; check the manual that corresponds to your MySQL server version for the right syntax to use near 'on inter.inter_id=inp.inter_id' at line 1] SQL [SELECT inter.* FROM `interface` inter natural join `inpackage` inp on inter.inter_id=inp.inter_id]
[2015-01-16 15:52:24.343] [ERROR] 查询错误 [You have an error in your SQL syntax; check the manual that corresponds to your MySQL server version for the right syntax to use near 'on inter.inter_id=inp.inter_id' at line 1] SQL [SELECT inter.* FROM `interface` inter natural join `inpackage` inp on inter.inter_id=inp.inter_id]
[2015-01-16 15:52:24.544] [ERROR] 查询错误 [You have an error in your SQL syntax; check the manual that corresponds to your MySQL server version for the right syntax to use near 'on inter.inter_id=inp.inter_id' at line 1] SQL [SELECT inter.* FROM `interface` inter natural join `inpackage` inp on inter.inter_id=inp.inter_id]
[2015-01-16 15:52:24.700] [ERROR] 查询错误 [You have an error in your SQL syntax; check the manual that corresponds to your MySQL server version for the right syntax to use near 'on inter.inter_id=inp.inter_id' at line 1] SQL [SELECT inter.* FROM `interface` inter natural join `inpackage` inp on inter.inter_id=inp.inter_id]
[2015-01-16 15:52:24.836] [ERROR] 查询错误 [You have an error in your SQL syntax; check the manual that corresponds to your MySQL server version for the right syntax to use near 'on inter.inter_id=inp.inter_id' at line 1] SQL [SELECT inter.* FROM `interface` inter natural join `inpackage` inp on inter.inter_id=inp.inter_id]
[2015-01-17 10:43:13.973] [ERROR] 查询错误 [Table 'bypass.cfg_bypass' doesn't exist] SQL [SELECT * FROM `cfg_bypass` WHERE `id` = 1]
[2015-01-17 10:44:12.071] [ERROR] 查询错误 [Table 'bypass.cfg_bypass' doesn't exist] SQL [SELECT * FROM `cfg_bypass` WHERE `id` = 1]
[2015-01-17 10:55:26.043] [ERROR] 查询错误 [Table 'bypass.http_domian' doesn't exist] SQL [SELECT do.domian,rule.* FROM `http_domian` do inner join `http_rule` rule on do.do_id=rule.do_id]
[2015-01-17 10:55:26.573] [ERROR] 查询错误 [Table 'bypass.http_domian' doesn't exist] SQL [SELECT do.domian,rule.* FROM `http_domian` do inner join `http_rule` rule on do.do_id=rule.do_id]
[2015-01-17 10:55:26.796] [ERROR] 查询错误 [Table 'bypass.http_domian' doesn't exist] SQL [SELECT do.domian,rule.* FROM `http_domian` do inner join `http_rule` rule on do.do_id=rule.do_id]
[2015-01-17 10:55:26.998] [ERROR] 查询错误 [Table 'bypass.http_domian' doesn't exist] SQL [SELECT do.domian,rule.* FROM `http_domian` do inner join `http_rule` rule on do.do_id=rule.do_id]
[2015-01-17 10:55:27.178] [ERROR] 查询错误 [Table 'bypass.http_domian' doesn't exist] SQL [SELECT do.domian,rule.* FROM `http_domian` do inner join `http_rule` rule on do.do_id=rule.do_id]
[2015-01-17 10:55:27.315] [ERROR] 查询错误 [Table 'bypass.http_domian' doesn't exist] SQL [SELECT do.domian,rule.* FROM `http_domian` do inner join `http_rule` rule on do.do_id=rule.do_id]
[2015-01-17 10:55:27.491] [ERROR] 查询错误 [Table 'bypass.http_domian' doesn't exist] SQL [SELECT do.domian,rule.* FROM `http_domian` do inner join `http_rule` rule on do.do_id=rule.do_id]
[2015-01-17 10:55:27.647] [ERROR] 查询错误 [Table 'bypass.http_domian' doesn't exist] SQL [SELECT do.domian,rule.* FROM `http_domian` do inner join `http_rule` rule on do.do_id=rule.do_id]
[2015-01-17 10:55:27.792] [ERROR] 查询错误 [Table 'bypass.http_domian' doesn't exist] SQL [SELECT do.domian,rule.* FROM `http_domian` do inner join `http_rule` rule on do.do_id=rule.do_id]
[2015-01-17 10:55:28.028] [ERROR] 查询错误 [Table 'bypass.http_domian' doesn't exist] SQL [SELECT do.domian,rule.* FROM `http_domian` do inner join `http_rule` rule on do.do_id=rule.do_id]
[2015-01-17 10:55:28.332] [ERROR] 查询错误 [Table 'bypass.http_domian' doesn't exist] SQL [SELECT do.domian,rule.* FROM `http_domian` do inner join `http_rule` rule on do.do_id=rule.do_id]
[2015-01-17 10:55:28.596] [ERROR] 查询错误 [Table 'bypass.http_domian' doesn't exist] SQL [SELECT do.domian,rule.* FROM `http_domian` do inner join `http_rule` rule on do.do_id=rule.do_id]
[2015-01-17 10:55:28.835] [ERROR] 查询错误 [Table 'bypass.http_domian' doesn't exist] SQL [SELECT do.domian,rule.* FROM `http_domian` do inner join `http_rule` rule on do.do_id=rule.do_id]
[2015-01-17 10:55:29.015] [ERROR] 查询错误 [Table 'bypass.http_domian' doesn't exist] SQL [SELECT do.domian,rule.* FROM `http_domian` do inner join `http_rule` rule on do.do_id=rule.do_id]
[2015-01-17 10:55:29.191] [ERROR] 查询错误 [Table 'bypass.http_domian' doesn't exist] SQL [SELECT do.domian,rule.* FROM `http_domian` do inner join `http_rule` rule on do.do_id=rule.do_id]
[2015-01-20 11:20:15.141] [ERROR] 执行错误 [Cannot add or update a child row: a foreign key constraint fails (`bypass`.`http_rule`, CONSTRAINT `fk_http_rule_1` FOREIGN KEY (`do_id`) REFERENCES `http_domain` (`do_id`) ON DELETE NO ACTION ON UPDATE NO ACTION)] SQL [INSERT INTO `http_rule` (`do_id`, `orders`, `data_num`, `url`, `cookies`, `referer`, `created`, `state`) VALUES ("1", "2", "1", "2", "2", "2", "1421724015", "1") ON DUPLICATE KEY UPDATE `do_id` = VALUES(`do_id`), `orders` = VALUES(`orders`), `data_num` = VALUES(`data_num`), `url` = VALUES(`url`), `cookies` = VALUES(`cookies`), `referer` = VALUES(`referer`), `created` = VALUES(`created`), `state` = VALUES(`state`)]
[2015-01-20 11:22:37.005] [ERROR] 执行错误 [Cannot add or update a child row: a foreign key constraint fails (`bypass`.`http_rule`, CONSTRAINT `fk_http_rule_1` FOREIGN KEY (`do_id`) REFERENCES `http_domain` (`do_id`) ON DELETE NO ACTION ON UPDATE NO ACTION)] SQL [INSERT INTO `http_rule` (`do_id`, `orders`, `data_num`, `url`, `cookies`, `referer`, `created`, `state`) VALUES ("1", "2", "1", "2", "2", "2", "1421724156", "1") ON DUPLICATE KEY UPDATE `do_id` = VALUES(`do_id`), `orders` = VALUES(`orders`), `data_num` = VALUES(`data_num`), `url` = VALUES(`url`), `cookies` = VALUES(`cookies`), `referer` = VALUES(`referer`), `created` = VALUES(`created`), `state` = VALUES(`state`)]
[2015-01-20 14:59:30.030] [ERROR] 查询错误 [You have an error in your SQL syntax; check the manual that corresponds to your MySQL server version for the right syntax to use near '-1,1' at line 1] SQL [select d.*,count(*) from http_domain d inner join http_rule r on d.do_id = r.do_id group by d.do_id limit -1,1]
[2015-01-20 14:59:31.888] [ERROR] 查询错误 [You have an error in your SQL syntax; check the manual that corresponds to your MySQL server version for the right syntax to use near '-1,1' at line 1] SQL [select d.*,count(*) from http_domain d inner join http_rule r on d.do_id = r.do_id group by d.do_id limit -1,1]
[2015-01-20 15:40:37.711] [ERROR] 执行错误 [Unknown column '0' in 'field list'] SQL [INSERT INTO `http_rule` (`0`, `1`, `2`) VALUES ("10", "10", "10"), (), (), (), (), (), (), () ON DUPLICATE KEY UPDATE `0` = VALUES(`0`), `1` = VALUES(`1`), `2` = VALUES(`2`)]
[2015-01-20 15:45:07.078] [ERROR] 执行错误 [Unknown column '0' in 'field list'] SQL [INSERT INTO `http_rule` (`0`, `1`, `2`) VALUES ("10", "10", "10"), (), (), (), (), (), (), () ON DUPLICATE KEY UPDATE `0` = VALUES(`0`), `1` = VALUES(`1`), `2` = VALUES(`2`)]
[2015-01-20 15:45:24.464] [ERROR] 执行错误 [Unknown column '0' in 'field list'] SQL [INSERT INTO `http_rule` (`0`, `1`, `2`) VALUES ("10", "10", "10"), (), (), (), (), (), (), () ON DUPLICATE KEY UPDATE `0` = VALUES(`0`), `1` = VALUES(`1`), `2` = VALUES(`2`)]
[2015-01-20 15:46:19.914] [ERROR] 执行错误 [Unknown column '0' in 'field list'] SQL [INSERT INTO `http_rule` (`0`, `1`, `2`) VALUES ("10", "10", "10"), (), (), (), (), (), (), () ON DUPLICATE KEY UPDATE `0` = VALUES(`0`), `1` = VALUES(`1`), `2` = VALUES(`2`)]
[2015-01-21 09:19:47.016] [ERROR] 查询错误 [You have an error in your SQL syntax; check the manual that corresponds to your MySQL server version for the right syntax to use near '-1,1' at line 1] SQL [select d.*,count(*) from http_domain d inner join http_rule r on d.do_id = r.do_id group by d.do_id limit -1,1]
[2015-01-21 09:19:47.539] [ERROR] 查询错误 [You have an error in your SQL syntax; check the manual that corresponds to your MySQL server version for the right syntax to use near '-1,1' at line 1] SQL [select d.*,count(*) from http_domain d inner join http_rule r on d.do_id = r.do_id group by d.do_id limit -1,1]
[2015-01-21 09:19:48.484] [ERROR] 查询错误 [You have an error in your SQL syntax; check the manual that corresponds to your MySQL server version for the right syntax to use near '-1,1' at line 1] SQL [select d.*,count(*) from http_domain d inner join http_rule r on d.do_id = r.do_id group by d.do_id limit -1,1]
[2015-01-21 09:42:01.850] [ERROR] 查询错误 [You have an error in your SQL syntax; check the manual that corresponds to your MySQL server version for the right syntax to use near '-1,1' at line 1] SQL [select d.*,count(*) from http_domain d inner join http_rule r on d.do_id = r.do_id group by d.do_id limit -1,1]
[2015-01-21 09:42:02.463] [ERROR] 查询错误 [You have an error in your SQL syntax; check the manual that corresponds to your MySQL server version for the right syntax to use near '-1,1' at line 1] SQL [select d.*,count(*) from http_domain d inner join http_rule r on d.do_id = r.do_id group by d.do_id limit -1,1]
[2015-01-21 09:42:03.328] [ERROR] 查询错误 [You have an error in your SQL syntax; check the manual that corresponds to your MySQL server version for the right syntax to use near '-1,1' at line 1] SQL [select d.*,count(*) from http_domain d inner join http_rule r on d.do_id = r.do_id group by d.do_id limit -1,1]
[2015-01-21 09:42:11.632] [ERROR] 查询错误 [You have an error in your SQL syntax; check the manual that corresponds to your MySQL server version for the right syntax to use near '-1,1' at line 1] SQL [select d.*,count(*) from http_domain d inner join http_rule r on d.do_id = r.do_id group by d.do_id limit -1,1]
[2015-01-21 09:42:48.447] [ERROR] 查询错误 [You have an error in your SQL syntax; check the manual that corresponds to your MySQL server version for the right syntax to use near '-1,1' at line 1] SQL [select d.*,count(*) from http_domain d inner join http_rule r on d.do_id = r.do_id group by d.do_id limit -1,1]
[2015-01-21 09:42:52.419] [ERROR] 查询错误 [You have an error in your SQL syntax; check the manual that corresponds to your MySQL server version for the right syntax to use near '-1,1' at line 1] SQL [select d.*,count(*) from http_domain d inner join http_rule r on d.do_id = r.do_id group by d.do_id limit -1,1]
[2015-01-21 09:42:55.030] [ERROR] 查询错误 [You have an error in your SQL syntax; check the manual that corresponds to your MySQL server version for the right syntax to use near '-1,1' at line 1] SQL [select d.*,count(*) from http_domain d inner join http_rule r on d.do_id = r.do_id group by d.do_id limit -1,1]
[2015-01-21 09:42:59.138] [ERROR] 查询错误 [You have an error in your SQL syntax; check the manual that corresponds to your MySQL server version for the right syntax to use near '-1,1' at line 1] SQL [select d.*,count(*) from http_domain d inner join http_rule r on d.do_id = r.do_id group by d.do_id limit -1,1]
[2015-01-21 09:43:00.223] [ERROR] 查询错误 [You have an error in your SQL syntax; check the manual that corresponds to your MySQL server version for the right syntax to use near '-1,1' at line 1] SQL [select d.*,count(*) from http_domain d inner join http_rule r on d.do_id = r.do_id group by d.do_id limit -1,1]
[2015-01-21 09:45:34.560] [ERROR] 查询错误 [You have an error in your SQL syntax; check the manual that corresponds to your MySQL server version for the right syntax to use near '-1,1' at line 1] SQL [select d.*,count(*) from http_domain d inner join http_rule r on d.do_id = r.do_id group by d.do_id limit -1,1]
[2015-01-21 09:47:53.711] [ERROR] 查询错误 [You have an error in your SQL syntax; check the manual that corresponds to your MySQL server version for the right syntax to use near '-1,1' at line 1] SQL [select d.*,count(*) from http_domain d inner join http_rule r on d.do_id = r.do_id group by d.do_id limit -1,1]
[2015-01-21 09:47:56.000] [ERROR] 查询错误 [You have an error in your SQL syntax; check the manual that corresponds to your MySQL server version for the right syntax to use near '-1,1' at line 1] SQL [select d.*,count(*) from http_domain d inner join http_rule r on d.do_id = r.do_id group by d.do_id limit -1,1]
[2015-01-21 09:48:10.291] [ERROR] 执行错误 [Duplicate entry 'www.163.com' for key 'domain_UNIQUE'] SQL [INSERT INTO `http_domain` (`do_id`, `updated`, `domain`, `type`, `tag`) VALUES ("10", "1421804890", "www.163.com", "1", "2") ON DUPLICATE KEY UPDATE `do_id` = VALUES(`do_id`), `updated` = VALUES(`updated`), `domain` = VALUES(`domain`), `type` = VALUES(`type`), `tag` = VALUES(`tag`)]
[2015-01-21 09:48:52.716] [ERROR] 执行错误 [Duplicate entry 'www.163.com' for key 'domain_UNIQUE'] SQL [INSERT INTO `http_domain` (`do_id`, `updated`, `domain`, `type`, `tag`) VALUES ("10", "1421804932", "www.163.com", "1", "2") ON DUPLICATE KEY UPDATE `do_id` = VALUES(`do_id`), `updated` = VALUES(`updated`), `domain` = VALUES(`domain`), `type` = VALUES(`type`), `tag` = VALUES(`tag`)]
[2015-01-21 09:50:22.867] [ERROR] 执行错误 [Duplicate entry 'www.163.com' for key 'domain_UNIQUE'] SQL [INSERT INTO `http_domain` (`do_id`, `updated`, `domain`, `type`, `tag`) VALUES ("10", "1421805022", "www.163.com", "1", "2") ON DUPLICATE KEY UPDATE `do_id` = VALUES(`do_id`), `updated` = VALUES(`updated`), `domain` = VALUES(`domain`), `type` = VALUES(`type`), `tag` = VALUES(`tag`)]
[2015-01-21 09:51:56.526] [ERROR] 执行错误 [Duplicate entry 'www.163.com' for key 'domain_UNIQUE'] SQL [INSERT INTO `http_domain` (`do_id`, `updated`, `domain`, `type`, `tag`) VALUES ("10", "1421805116", "www.163.com", "1", "2") ON DUPLICATE KEY UPDATE `do_id` = VALUES(`do_id`), `updated` = VALUES(`updated`), `domain` = VALUES(`domain`), `type` = VALUES(`type`), `tag` = VALUES(`tag`)]
[2015-01-21 09:52:31.308] [ERROR] 执行错误 [Duplicate entry 'www.163.com' for key 'domain_UNIQUE'] SQL [INSERT INTO `http_domain` (`do_id`, `updated`, `domain`, `type`, `tag`) VALUES ("10", "1421805151", "www.163.com", "1", "2") ON DUPLICATE KEY UPDATE `do_id` = VALUES(`do_id`), `updated` = VALUES(`updated`), `domain` = VALUES(`domain`), `type` = VALUES(`type`), `tag` = VALUES(`tag`)]
[2015-01-21 10:01:23.416] [ERROR] 查询错误 [You have an error in your SQL syntax; check the manual that corresponds to your MySQL server version for the right syntax to use near '-1,1' at line 1] SQL [select d.*,count(*) from http_domain d inner join http_rule r on d.do_id = r.do_id group by d.do_id limit -1,1]
[2015-01-21 10:01:27.491] [ERROR] 查询错误 [You have an error in your SQL syntax; check the manual that corresponds to your MySQL server version for the right syntax to use near '-1,1' at line 1] SQL [select d.*,count(*) from http_domain d inner join http_rule r on d.do_id = r.do_id group by d.do_id limit -1,1]
[2015-01-21 10:01:34.743] [ERROR] 查询错误 [You have an error in your SQL syntax; check the manual that corresponds to your MySQL server version for the right syntax to use near '-1,1' at line 1] SQL [select d.*,count(*) from http_domain d inner join http_rule r on d.do_id = r.do_id group by d.do_id limit -1,1]
[2015-01-21 10:04:05.019] [ERROR] 查询错误 [You have an error in your SQL syntax; check the manual that corresponds to your MySQL server version for the right syntax to use near '-1,1' at line 1] SQL [select d.*,count(*) from http_domain d inner join http_rule r on d.do_id = r.do_id group by d.do_id limit -1,1]
[2015-01-21 10:04:07.130] [ERROR] 查询错误 [You have an error in your SQL syntax; check the manual that corresponds to your MySQL server version for the right syntax to use near '-1,1' at line 1] SQL [select d.*,count(*) from http_domain d inner join http_rule r on d.do_id = r.do_id group by d.do_id limit -1,1]
[2015-01-21 10:04:08.906] [ERROR] 查询错误 [You have an error in your SQL syntax; check the manual that corresponds to your MySQL server version for the right syntax to use near '-1,1' at line 1] SQL [select d.*,count(*) from http_domain d inner join http_rule r on d.do_id = r.do_id group by d.do_id limit -1,1]
[2015-01-21 10:04:09.511] [ERROR] 查询错误 [You have an error in your SQL syntax; check the manual that corresponds to your MySQL server version for the right syntax to use near '-1,1' at line 1] SQL [select d.*,count(*) from http_domain d inner join http_rule r on d.do_id = r.do_id group by d.do_id limit -1,1]
